make.exe all --print-data-base --no-builtin-variables --no-builtin-rules --question
# GNU Make 4.2.1
# Built for x86_64-w64-mingw32
# Copyright (C) 1988-2016 Free Software Foundation, Inc.
# License GPLv3+: GNU GPL version 3 or later <http://gnu.org/licenses/gpl.html>
# This is free software: you are free to change and redistribute it.
# There is NO WARRANTY, to the extent permitted by law.

# Make data base, printed on Mon Aug 08 16:05:39 2022

# Variables

# 'override' directive
GNUMAKEFLAGS := 
# automatic
<D = $(patsubst %/,%,$(patsubst %\,%,$(dir $<)))
# automatic
?F = $(notdir $?)
# default
.SHELLFLAGS := -c
# makefile (from 'makefile', line 7)
OBJ = $(SRC:%.cpp=%.o)
# makefile (from 'makefile', line 6)
SRC = $(wildcard $(SRC_DIR)*.cpp)
# makefile
MAKEFLAGS = pqrR
# makefile (from 'makefile', line 1)
TARGET = main.exe
# automatic
?D = $(patsubst %/,%,$(patsubst %\,%,$(dir $?)))
# automatic
@D = $(patsubst %/,%,$(patsubst %\,%,$(dir $@)))
# environment
HOMEDRIVE = C:
# automatic
@F = $(notdir $@)
# automatic
^D = $(patsubst %/,%,$(patsubst %\,%,$(dir $^)))
# makefile
CURDIR := c:/taro/code/AF_DE
# default
SHELL := sh.exe
# environment
WINDIR = C:\WINDOWS
# environment
VSCODE_NLS_CONFIG = {"locale":"zh-tw","availableLanguages":{"*":"zh-tw"},"_languagePackId":"781b7ebe22283cc49ae0f6b2a60a7843.zh-tw","_translationsConfigFile":"C:\\Users\\ding0\\AppData\\Roaming\\Code\\clp\\781b7ebe22283cc49ae0f6b2a60a7843.zh-tw\\tcf.json","_cacheRoot":"C:\\Users\\ding0\\AppData\\Roaming\\Code\\clp\\781b7ebe22283cc49ae0f6b2a60a7843.zh-tw","_resolvedLanguagePackCoreLocation":"C:\\Users\\ding0\\AppData\\Roaming\\Code\\clp\\781b7ebe22283cc49ae0f6b2a60a7843.zh-tw\\da76f93349a72022ca4670c1b84860304616aaa2","_corruptedFile":"C:\\Users\\ding0\\AppData\\Roaming\\Code\\clp\\781b7ebe22283cc49ae0f6b2a60a7843.zh-tw\\corrupted.info","_languagePackSupport":true}
# makefile (from 'makefile', line 5)
CFLAGS = -I ${INC_DIR} -g -W 
all -O3 --std=c++11
# environment
ONEDRIVE = C:\Users\ding0\OneDrive
# environment
PATHEXT = .COM;.EXE;.BAT;.CMD;.VBS;.VBE;.JS;.JSE;.WSF;.WSH;.MSC
# makefile (from 'src/de.d', line 1)
MAKEFILE_LIST :=  makefile src/main.d src/de.d
# environment
TMP = C:\Users\ding0\AppData\Local\Temp
# environment
PROGRAMW6432 = C:\Program Files
# environment
PROGRAMDATA = C:\ProgramData
# environment
VSCODE_CWD = C:\Users\ding0\AppData\Local\Programs\Microsoft VS Code
# default
MAKE_HOST := x86_64-w64-mingw32
# environment
PATH = C:\WINDOWS\system32;C:\WINDOWS;C:\WINDOWS\System32\Wbem;C:\WINDOWS\System32\WindowsPowerShell\v1.0\;C:\WINDOWS\System32\OpenSSH\;C:\Program Files (x86)\Pulse Secure\VC142.CRT\X64\;C:\Program Files (x86)\Pulse Secure\VC142.CRT\X86\;C:\Program Files (x86)\Common Files\Pulse Secure\TNC Client Plugin\;C:\Program Files\mingw64\bin;C:\Program Files\Git\cmd;C:\Users\ding0\AppData\Local\Microsoft\WindowsApps;;C:\Users\ding0\AppData\Local\Programs\Microsoft VS Code\bin;C:\Program Files\JetBrains\PhpStorm 2022.1.4\bin;
# environment
COMMONPROGRAMW6432 = C:\Program Files\Common Files
# makefile (from 'makefile', line 8)
DEP = $(SRC:%.cpp=%.d)
# environment
PROCESSOR_ARCHITECTURE = AMD64
# environment
USERPROFILE = C:\Users\ding0
# environment
ALLUSERSPROFILE = C:\ProgramData
# environment
NUMBER_OF_PROCESSORS = 12
# environment
ELECTRON_RUN_AS_NODE = 1
# default
.FEATURES := target-specific order-only second-expansion else-if shortest-stem undefine oneshell archives jobserver output-sync
# environment
PHPSTORM = C:\Program Files\JetBrains\PhpStorm 2022.1.4\bin;
# automatic
%F = $(notdir $%)
# environment
CHROME_CRASHPAD_PIPE_NAME = \\.\pipe\crashpad_1116_CNWSOTZTDHRTJXMZ
# environment
COMPUTERNAME = DESKTOP-H9BPK0P
# environment
PROGRAMFILES = C:\Program Files
# default
.LOADED := 
# environment
DRIVERDATA = C:\Windows\System32\Drivers\DriverData
# environment
ORIGINAL_XDG_CURRENT_DESKTOP = undefined
# makefile (from 'makefile', line 2)
INC_DIR = ./inc/
# environment
USERNAME = ding0
# environment
PUBLIC = C:\Users\Public
# environment
VSCODE_AMD_ENTRYPOINT = vs/workbench/api/node/extensionHostProcess
# environment
VSCODE_CODE_CACHE_PATH = C:\Users\ding0\AppData\Roaming\Code\CachedData\da76f93349a72022ca4670c1b84860304616aaa2
# environment
APPLICATION_INSIGHTS_NO_DIAGNOSTIC_CHANNEL = 1
# environment
COMMONPROGRAMFILES = C:\Program Files\Common Files
# environment
LOGONSERVER = \\DESKTOP-H9BPK0P
# environment
ONEDRIVECONSUMER = C:\Users\ding0\OneDrive
# environment
VSCODE_HANDLES_UNCAUGHT_ERRORS = true
# environment
USERDOMAIN = DESKTOP-H9BPK0P
# environment
MAKELEVEL := 0
# default
MAKE = $(MAKE_COMMAND)
# default
MAKECMDGOALS := all
# makefile (from 'makefile', line 4)
CC = g++
# default
MAKE_VERSION := 4.2.1
# makefile
.DEFAULT_GOAL := all
# environment
PROGRAMFILES(X86) = C:\Program Files (x86)
# automatic
%D = $(patsubst %/,%,$(patsubst %\,%,$(dir $%)))
# environment
LOCALAPPDATA = C:\Users\ding0\AppData\Local
# environment
PSMODULEPATH = C:\Program Files\WindowsPowerShell\Modules;C:\WINDOWS\system32\WindowsPowerShell\v1.0\Modules
# default
MAKE_COMMAND := make.exe
# default
.VARIABLES := 
# automatic
*F = $(notdir $*)
# environment
PROCESSOR_IDENTIFIER = Intel64 Family 6 Model 158 Stepping 10, GenuineIntel
# environment
OS = Windows_NT
# environment
VSCODE_IPC_HOOK = \\.\pipe\b11b331fcf5ac52fc7877cb8d1fffc31-1.70.0-main-sock
# environment
HOMEPATH = \Users\ding0
# environment
COMMONPROGRAMFILES(X86) = C:\Program Files (x86)\Common Files
# environment
PROMPT = $P$G
# environment
MFLAGS = -pqrR
# automatic
*D = $(patsubst %/,%,$(patsubst %\,%,$(dir $*)))
# environment
SYSTEMROOT = C:\WINDOWS
# automatic
+D = $(patsubst %/,%,$(patsubst %\,%,$(dir $+)))
# automatic
+F = $(notdir $+)
# environment
APPDATA = C:\Users\ding0\AppData\Roaming
# environment
TEMP = C:\Users\ding0\AppData\Local\Temp
# environment
COMSPEC = C:\WINDOWS\system32\cmd.exe
# default
MAKEFILES := 
# makefile (from 'makefile', line 3)
SRC_DIR = ./src/
# automatic
<F = $(notdir $<)
# environment
LC_ALL = C
# automatic
^F = $(notdir $^)
# default
SUFFIXES := 
# environment
SYSTEMDRIVE = C:
# environment
SESSIONNAME = Console
# environment
PROCESSOR_REVISION = 9e0a
# default
.RECIPEPREFIX := 
# environment
LANG = C
# environment
PROCESSOR_LEVEL = 6
# environment
VSCODE_PID = 1116
# environment
USERDOMAIN_ROAMINGPROFILE = DESKTOP-H9BPK0P
# variable set hash-table stats:
# Load=95/1024=9%, Rehash=0, Collisions=17/128=13%

# Pattern-specific Variable Values

# No pattern-specific variable values.

# Directories

# . (key c:/taro/code/AF_DE, mtime 1659945753): 12 files, no impossibilities.
# ./src (key c:/taro/code/AF_DE/src, mtime 1659945753): 8 files, no impossibilities.
# src (key c:/taro/code/AF_DE/src, mtime 1659945753): 8 files, no impossibilities.

# 28 files, no impossibilities in 3 directories.

# Implicit Rules

%.o: %.cpp
#  recipe to execute (from 'makefile', line 18):
	$(CC) $(CFLAGS) -MMD -c $< -o $@ 

# 1 implicit rules, 0 (0.0%) terminal.

# Files

# Not a target:
src/de.d:
#  Implicit rule search has been done.
#  Last modified 2022-08-08 16:02:33
#  File has been updated.
#  Successfully updated.

exe:
#  Phony target (prerequisite of .PHONY).
#  Implicit rule search has not been done.
#  File does not exist.
#  File has not been updated.
#  recipe to execute (from 'makefile', line 26):
	@./$(TARGET)

all: main.exe
#  Command line target.
#  Implicit rule search has been done.
#  File does not exist.
#  File has been updated.
#  Successfully updated.

.PHONY: clean exe
#  Implicit rule search has not been done.
#  Modification time never checked.
#  File has not been updated.

# Not a target:
src/../inc/de.h:
#  Implicit rule search has been done.
#  Last modified 2022-08-01 17:42:03
#  File has been updated.
#  Successfully updated.

src/main.o: src/main.cpp src/main.cpp inc/de.h
#  Implicit rule search has been done.
#  Implicit/static pattern stem: 'src/main'
#  Last modified 2022-08-08 16:02:32
#  File has been updated.
#  Successfully updated.
#  recipe to execute (from 'makefile', line 18):
	$(CC) $(CFLAGS) -MMD -c $< -o $@ 

main.exe: src/main.o src/de.o
#  Implicit rule search has not been done.
#  Last modified 2022-08-08 16:02:33
#  File has been updated.
#  Successfully updated.
#  recipe to execute (from 'makefile', line 13):
	$(CC) $(CFLAGS) $^ -o $@

src/de.o: src/de.cpp src/de.cpp src/../inc/de.h
#  Implicit rule search has been done.
#  Implicit/static pattern stem: 'src/de'
#  Last modified 2022-08-08 16:02:33
#  File has been updated.
#  Successfully updated.
#  recipe to execute (from 'makefile', line 18):
	$(CC) $(CFLAGS) -MMD -c $< -o $@ 

# Not a target:
inc/de.h:
#  Implicit rule search has been done.
#  Last modified 2022-08-01 17:42:03
#  File has been updated.
#  Successfully updated.

# Not a target:
makefile:
#  Implicit rule search has been done.
#  Last modified 2022-08-01 16:09:36
#  File has been updated.
#  Successfully updated.

# Not a target:
.DEFAULT:
#  Implicit rule search has not been done.
#  Modification time never checked.
#  File has not been updated.

clean:
#  Phony target (prerequisite of .PHONY).
#  Implicit rule search has not been done.
#  File does not exist.
#  File has not been updated.
#  recipe to execute (from 'makefile', line 23):
	rm -f $(TARGET) $(OBJ) $(DEP)

# Not a target:
src/main.cpp:
#  Implicit rule search has been done.
#  Last modified 2022-08-01 16:09:36
#  File has been updated.
#  Successfully updated.

# Not a target:
src/main.d:
#  Implicit rule search has been done.
#  Last modified 2022-08-08 16:02:32
#  File has been updated.
#  Successfully updated.

# Not a target:
src/de.cpp:
#  Implicit rule search has been done.
#  Last modified 2022-08-08 16:02:28
#  File has been updated.
#  Successfully updated.

# files hash-table stats:
# Load=16/1024=2%, Rehash=0, Collisions=0/47=0%
# VPATH Search Paths

# No 'vpath' search paths.

# No general ('VPATH' variable) search path.

# strcache buffers: 1 (0) / strings = 37 / storage = 278 B / avg = 7 B
# current buf: size = 8162 B / used = 278 B / count = 37 / avg = 7 B

# strcache performance: lookups = 63 / hit rate = 41%
# hash-table stats:
# Load=37/8192=0%, Rehash=0, Collisions=2/63=3%
# Finished Make data base on Mon Aug 08 16:05:39 2022

 
